Build started 5/14/2015 7:18:08 PM.
     1>Project "C:\Users\Jonathan\Documents\IT276GameProject\IT276GameProject.vcxproj" on node 2 (build target(s)).
     1>InitializeBuildStatus:
         Creating "Release\IT276GameProject.unsuccessfulbuild" because "AlwaysCreate" was specified.
       ClCompile:
         C:\Program Files (x86)\Microsoft Visual Studio 10.0\VC\bin\CL.exe /c /Zi /nologo /W3 /WX- /O2 /Oi /Oy- /GL /D _MBCS /Gm- /EHsc /MD /GS /Gy /fp:precise /Zc:wchar_t /Zc:forScope /Fo"Release\\" /Fd"Release\vc100.pdb" /Gd /TP /analyze- /errorReport:prompt game.cpp
         game.cpp
     1>c:\users\jonathan\documents\it276gameproject\fps.h(22): warning C4091: 'extern ' : ignored on left of 'FPS' when no variable is declared
     1>c:\users\jonathan\documents\it276gameproject\player.h(27): warning C4091: 'extern ' : ignored on left of 'Player' when no variable is declared
       Link:
         C:\Program Files (x86)\Microsoft Visual Studio 10.0\VC\bin\link.exe /ERRORREPORT:PROMPT /OUT:"C:\Users\Jonathan\Documents\IT276GameProject\Release\IT276GameProject.exe" /NOLOGO SDL.lib SDLmain.lib SDL_image.lib SDL_mixer.lib SDL_net.lib SDL_ttf.lib kernel32.lib user32.lib gdi32.lib winspool.lib comdlg32.lib advapi32.lib shell32.lib ole32.lib oleaut32.lib uuid.lib odbc32.lib odbccp32.lib /MANIFEST /ManifestFile:"Release\IT276GameProject.exe.intermediate.manifest" /MANIFESTUAC:"level='asInvoker' uiAccess='false'" /DEBUG /PDB:"C:\Users\Jonathan\Documents\IT276GameProject\Release\IT276GameProject.pdb" /SUBSYSTEM:CONSOLE /OPT:REF /OPT:ICF /LTCG /TLBID:1 /DYNAMICBASE /NXCOMPAT /IMPLIB:"C:\Users\Jonathan\Documents\IT276GameProject\Release\IT276GameProject.lib" /MACHINE:X86 Release\collision.obj
         Release\fps.obj
         Release\game.obj
         Release\image.obj
         Release\init.obj
         Release\level.obj
         Release\player.obj
         Generating code
         Finished generating code
         IT276GameProject.vcxproj -> C:\Users\Jonathan\Documents\IT276GameProject\Release\IT276GameProject.exe
       Manifest:
         C:\Program Files (x86)\Microsoft SDKs\Windows\v7.0A\bin\mt.exe /nologo /verbose /outputresource:"C:\Users\Jonathan\Documents\IT276GameProject\Release\IT276GameProject.exe;#1" /manifest Release\IT276GameProject.exe.intermediate.manifest
       FinalizeBuildStatus:
         Deleting file "Release\IT276GameProject.unsuccessfulbuild".
         Touching "Release\IT276GameProject.lastbuildstate".
     1>Done Building Project "C:\Users\Jonathan\Documents\IT276GameProject\IT276GameProject.vcxproj" (build target(s)).

Build succeeded.

Time Elapsed 00:00:01.11
