C:\Users\Jonathan\Documents\IT276GameProject\Release\cl.command.1.tlog
C:\Users\Jonathan\Documents\IT276GameProject\Release\CL.read.1.tlog
C:\Users\Jonathan\Documents\IT276GameProject\Release\CL.write.1.tlog
C:\USERS\JONATHAN\DOCUMENTS\IT276GAMEPROJECT\RELEASE\COLLISION.OBJ
C:\USERS\JONATHAN\DOCUMENTS\IT276GAMEPROJECT\RELEASE\FPS.OBJ
C:\USERS\JONATHAN\DOCUMENTS\IT276GAMEPROJECT\RELEASE\GAME.OBJ
C:\USERS\JONATHAN\DOCUMENTS\IT276GAMEPROJECT\RELEASE\IMAGE.OBJ
C:\USERS\JONATHAN\DOCUMENTS\IT276GAMEPROJECT\RELEASE\INIT.OBJ
C:\USERS\JONATHAN\DOCUMENTS\IT276GAMEPROJECT\RELEASE\IT276GAMEPROJECT.EXE
C:\USERS\JONATHAN\DOCUMENTS\IT276GAMEPROJECT\RELEASE\IT276GAMEPROJECT.EXE.INTERMEDIATE.MANIFEST
C:\USERS\JONATHAN\DOCUMENTS\IT276GAMEPROJECT\RELEASE\IT276GAMEPROJECT.PDB
C:\Users\Jonathan\Documents\IT276GameProject\Release\IT276GameProject.vcxprojResolveAssemblyReference.cache
C:\Users\Jonathan\Documents\IT276GameProject\Release\IT276GameProject.write.1.tlog
C:\USERS\JONATHAN\DOCUMENTS\IT276GAMEPROJECT\RELEASE\LEVEL.OBJ
C:\Users\Jonathan\Documents\IT276GameProject\Release\link.command.1.tlog
C:\Users\Jonathan\Documents\IT276GameProject\Release\link.read.1.tlog
C:\Users\Jonathan\Documents\IT276GameProject\Release\link.write.1.tlog
C:\Users\Jonathan\Documents\IT276GameProject\Release\mt.command.1.tlog
C:\Users\Jonathan\Documents\IT276GameProject\Release\mt.read.1.tlog
C:\Users\Jonathan\Documents\IT276GameProject\Release\mt.write.1.tlog
C:\USERS\JONATHAN\DOCUMENTS\IT276GAMEPROJECT\RELEASE\PLAYER.OBJ
C:\USERS\JONATHAN\DOCUMENTS\IT276GAMEPROJECT\RELEASE\VC100.PDB
